<?xml version="1.0" encoding="UTF-8"?>
<testsuite xmlns:xsi="http://www.w3.org/2001/XMLSchema-instance" xsi:noNamespaceSchemaLocation="https://maven.apache.org/surefire/maven-surefire-plugin/xsd/surefire-test-report.xsd" name="com.example.TestVisitor" time="0.571" tests="3" errors="0" skipped="0" failures="0">
  <properties>
    <property name="java.specification.version" value="20"/>
    <property name="sun.cpu.isalist" value="amd64"/>
    <property name="sun.jnu.encoding" value="Cp1252"/>
    <property name="java.class.path" value="C:\Users\stran\OneDrive\Desktop\CodeCloneRefactoring\target\test-classes;C:\Users\stran\OneDrive\Desktop\CodeCloneRefactoring\target\classes;C:\Users\stran\.m2\repository\junit\junit\4.13.2\junit-4.13.2.jar;C:\Users\stran\.m2\repository\org\hamcrest\hamcrest-core\1.3\hamcrest-core-1.3.jar;C:\Users\stran\.m2\repository\com\github\javaparser\javaparser-symbol-solver-core\3.15.5\javaparser-symbol-solver-core-3.15.5.jar;C:\Users\stran\.m2\repository\com\github\javaparser\javaparser-symbol-solver-logic\3.15.5\javaparser-symbol-solver-logic-3.15.5.jar;C:\Users\stran\.m2\repository\org\javassist\javassist\3.24.0-GA\javassist-3.24.0-GA.jar;C:\Users\stran\.m2\repository\com\github\javaparser\javaparser-symbol-solver-model\3.15.5\javaparser-symbol-solver-model-3.15.5.jar;C:\Users\stran\.m2\repository\com\github\javaparser\javaparser-core\3.15.5\javaparser-core-3.15.5.jar;C:\Users\stran\.m2\repository\com\google\guava\guava\27.0-jre\guava-27.0-jre.jar;C:\Users\stran\.m2\repository\com\google\guava\failureaccess\1.0\failureaccess-1.0.jar;C:\Users\stran\.m2\repository\com\google\guava\listenablefuture\9999.0-empty-to-avoid-conflict-with-guava\listenablefuture-9999.0-empty-to-avoid-conflict-with-guava.jar;C:\Users\stran\.m2\repository\com\google\code\findbugs\jsr305\3.0.2\jsr305-3.0.2.jar;C:\Users\stran\.m2\repository\org\checkerframework\checker-qual\2.5.2\checker-qual-2.5.2.jar;C:\Users\stran\.m2\repository\com\google\errorprone\error_prone_annotations\2.2.0\error_prone_annotations-2.2.0.jar;C:\Users\stran\.m2\repository\com\google\j2objc\j2objc-annotations\1.1\j2objc-annotations-1.1.jar;C:\Users\stran\.m2\repository\org\codehaus\mojo\animal-sniffer-annotations\1.17\animal-sniffer-annotations-1.17.jar;"/>
    <property name="java.vm.vendor" value="Oracle Corporation"/>
    <property name="sun.arch.data.model" value="64"/>
    <property name="user.variant" value=""/>
    <property name="java.vendor.url" value="https://java.oracle.com/"/>
    <property name="user.timezone" value="Europe/Rome"/>
    <property name="os.name" value="Windows 11"/>
    <property name="java.vm.specification.version" value="20"/>
    <property name="sun.java.launcher" value="SUN_STANDARD"/>
    <property name="user.country" value="IT"/>
    <property name="sun.boot.library.path" value="C:\Program Files\Java\jdk-20\bin"/>
    <property name="sun.java.command" value="C:\Users\stran\AppData\Local\Temp\surefire16325761656066108673\surefirebooter14780433620247035997.jar C:\Users\stran\AppData\Local\Temp\surefire16325761656066108673 2023-07-06T18-05-57_427-jvmRun1 surefire8772478593116365360tmp surefire_013261087924892272571tmp"/>
    <property name="jdk.debug" value="release"/>
    <property name="surefire.test.class.path" value="C:\Users\stran\OneDrive\Desktop\CodeCloneRefactoring\target\test-classes;C:\Users\stran\OneDrive\Desktop\CodeCloneRefactoring\target\classes;C:\Users\stran\.m2\repository\junit\junit\4.13.2\junit-4.13.2.jar;C:\Users\stran\.m2\repository\org\hamcrest\hamcrest-core\1.3\hamcrest-core-1.3.jar;C:\Users\stran\.m2\repository\com\github\javaparser\javaparser-symbol-solver-core\3.15.5\javaparser-symbol-solver-core-3.15.5.jar;C:\Users\stran\.m2\repository\com\github\javaparser\javaparser-symbol-solver-logic\3.15.5\javaparser-symbol-solver-logic-3.15.5.jar;C:\Users\stran\.m2\repository\org\javassist\javassist\3.24.0-GA\javassist-3.24.0-GA.jar;C:\Users\stran\.m2\repository\com\github\javaparser\javaparser-symbol-solver-model\3.15.5\javaparser-symbol-solver-model-3.15.5.jar;C:\Users\stran\.m2\repository\com\github\javaparser\javaparser-core\3.15.5\javaparser-core-3.15.5.jar;C:\Users\stran\.m2\repository\com\google\guava\guava\27.0-jre\guava-27.0-jre.jar;C:\Users\stran\.m2\repository\com\google\guava\failureaccess\1.0\failureaccess-1.0.jar;C:\Users\stran\.m2\repository\com\google\guava\listenablefuture\9999.0-empty-to-avoid-conflict-with-guava\listenablefuture-9999.0-empty-to-avoid-conflict-with-guava.jar;C:\Users\stran\.m2\repository\com\google\code\findbugs\jsr305\3.0.2\jsr305-3.0.2.jar;C:\Users\stran\.m2\repository\org\checkerframework\checker-qual\2.5.2\checker-qual-2.5.2.jar;C:\Users\stran\.m2\repository\com\google\errorprone\error_prone_annotations\2.2.0\error_prone_annotations-2.2.0.jar;C:\Users\stran\.m2\repository\com\google\j2objc\j2objc-annotations\1.1\j2objc-annotations-1.1.jar;C:\Users\stran\.m2\repository\org\codehaus\mojo\animal-sniffer-annotations\1.17\animal-sniffer-annotations-1.17.jar;"/>
    <property name="sun.cpu.endian" value="little"/>
    <property name="user.home" value="C:\Users\stran"/>
    <property name="user.language" value="it"/>
    <property name="java.specification.vendor" value="Oracle Corporation"/>
    <property name="java.version.date" value="2023-03-21"/>
    <property name="java.home" value="C:\Program Files\Java\jdk-20"/>
    <property name="file.separator" value="\"/>
    <property name="basedir" value="C:\Users\stran\OneDrive\Desktop\CodeCloneRefactoring"/>
    <property name="java.vm.compressedOopsMode" value="Zero based"/>
    <property name="line.separator" value="&#10;"/>
    <property name="java.vm.specification.vendor" value="Oracle Corporation"/>
    <property name="java.specification.name" value="Java Platform API Specification"/>
    <property name="surefire.real.class.path" value="C:\Users\stran\AppData\Local\Temp\surefire16325761656066108673\surefirebooter14780433620247035997.jar"/>
    <property name="user.script" value=""/>
    <property name="sun.management.compiler" value="HotSpot 64-Bit Tiered Compilers"/>
    <property name="java.runtime.version" value="20+36-2344"/>
    <property name="user.name" value="stran"/>
    <property name="stdout.encoding" value="Cp1252"/>
    <property name="path.separator" value=";"/>
    <property name="os.version" value="10.0"/>
    <property name="java.runtime.name" value="Java(TM) SE Runtime Environment"/>
    <property name="file.encoding" value="UTF-8"/>
    <property name="java.vm.name" value="Java HotSpot(TM) 64-Bit Server VM"/>
    <property name="localRepository" value="C:\Users\stran\.m2\repository"/>
    <property name="java.vendor.url.bug" value="https://bugreport.java.com/bugreport/"/>
    <property name="java.io.tmpdir" value="C:\Users\stran\AppData\Local\Temp\"/>
    <property name="java.version" value="20"/>
    <property name="user.dir" value="C:\Users\stran\OneDrive\Desktop\CodeCloneRefactoring"/>
    <property name="os.arch" value="amd64"/>
    <property name="java.vm.specification.name" value="Java Virtual Machine Specification"/>
    <property name="sun.os.patch.level" value=""/>
    <property name="native.encoding" value="Cp1252"/>
    <property name="java.library.path" value="C:\Program Files\Java\jdk-20\bin;C:\WINDOWS\Sun\Java\bin;C:\WINDOWS\system32;C:\WINDOWS;C:\Program Files\Common Files\Oracle\Java\javapath;C:\Windows\system32;C:\Windows;C:\Windows\System32\Wbem;C:\Windows\System32\WindowsPowerShell\v1.0\;C:\Windows\System32\OpenSSH\;C:\Program Files (x86)\NVIDIA Corporation\PhysX\Common;C:\Program Files\NVIDIA Corporation\NVIDIA NvDLISR;C:\WINDOWS\system32;C:\WINDOWS;C:\WINDOWS\System32\Wbem;C:\WINDOWS\System32\WindowsPowerShell\v1.0\;C:\WINDOWS\System32\OpenSSH\;C:\Program Files\Git\cmd;C:\Program Files\Java\jdk-20\bin;C:\Program Files\apache-maven-3.9.1-bin\apache-maven-3.9.1\bin;C:\Users\stran\AppData\Local\Programs\Python\Python310\Scripts\;C:\Users\stran\AppData\Local\Programs\Python\Python310\;C:\Users\stran\AppData\Local\Microsoft\WindowsApps;;C:\Users\stran\AppData\Local\Programs\Microsoft VS Code\bin;."/>
    <property name="java.vm.info" value="mixed mode, sharing"/>
    <property name="stderr.encoding" value="Cp1252"/>
    <property name="java.vendor" value="Oracle Corporation"/>
    <property name="java.vm.version" value="20+36-2344"/>
    <property name="sun.io.unicode.encoding" value="UnicodeLittle"/>
    <property name="java.class.version" value="64.0"/>
  </properties>
  <testcase name="testExtractBlockStatementsMethod" classname="com.example.TestVisitor" time="0.431"/>
  <testcase name="testCreateListOfTypeStatements" classname="com.example.TestVisitor" time="0.025"/>
  <testcase name="testExtractNameMethod" classname="com.example.TestVisitor" time="0.016"/>
</testsuite>